Base path: C:/Program Files/Unity/Editor/Data
Cmd: getPlatforms
Cmd: preprocess
  insize=8687 outsize=1784 ok=1
Cmd: preprocess
  insize=11308 outsize=604 ok=1
Cmd: preprocess
  insize=1137 outsize=370 ok=1
Cmd: preprocess
  insize=9910 outsize=677 ok=1
Cmd: preprocess
  insize=1697 outsize=320 ok=1
Cmd: preprocess
  insize=898 outsize=318 ok=1
Cmd: preprocess
  insize=983 outsize=276 ok=1
Cmd: preprocess
  insize=1991 outsize=459 ok=1
Cmd: preprocess
  insize=1284 outsize=375 ok=1
Cmd: preprocess
  insize=3680 outsize=577 ok=1
Cmd: preprocess
  insize=1223 outsize=372 ok=1
Cmd: preprocess
  insize=6790 outsize=666 ok=1
Cmd: preprocess
  insize=1157 outsize=276 ok=1
Cmd: preprocess
  insize=2527 outsize=661 ok=1
Cmd: preprocess
  insize=940 outsize=263 ok=1
Cmd: preprocess
  insize=1379 outsize=355 ok=1
Cmd: preprocess
  insize=1431 outsize=315 ok=1
Cmd: preprocess
  insize=1230 outsize=235 ok=1
Cmd: preprocess
  insize=1406 outsize=316 ok=1
Cmd: preprocess
  insize=1262 outsize=290 ok=1
Cmd: preprocess
  insize=2328 outsize=616 ok=1
Cmd: preprocess
  insize=954 outsize=237 ok=1
Cmd: preprocess
  insize=674 outsize=286 ok=1
Cmd: preprocess
  insize=6423 outsize=844 ok=1
Cmd: preprocess
  insize=33400 outsize=237 ok=1
Cmd: preprocess
  insize=1219 outsize=228 ok=1
Cmd: preprocess
  insize=4479 outsize=438 ok=1
Cmd: preprocess
  insize=1050 outsize=235 ok=1
Cmd: preprocess
  insize=4990 outsize=1505 ok=1
Cmd: preprocess
  insize=13303 outsize=1692 ok=1
Cmd: preprocess
  insize=1021 outsize=321 ok=1
Cmd: preprocess
  insize=6260 outsize=615 ok=1
Cmd: preprocess
  insize=2823 outsize=642 ok=1
Cmd: preprocess
  insize=11175 outsize=2440 ok=1
Cmd: preprocess
  insize=12909 outsize=2054 ok=1
Cmd: preprocess
  insize=2006 outsize=399 ok=1
Cmd: preprocess
  insize=1599 outsize=263 ok=1
Cmd: preprocess
  insize=24902 outsize=3598 ok=1
Cmd: preprocess
  insize=4094 outsize=466 ok=1
Cmd: preprocess
  insize=1760 outsize=268 ok=1
Cmd: preprocess
  insize=1026 outsize=323 ok=1
Cmd: preprocess
  insize=1156 outsize=368 ok=1
Cmd: preprocess
  insize=711 outsize=234 ok=1
Cmd: preprocess
  insize=5806 outsize=734 ok=1
Cmd: preprocess
  insize=5373 outsize=618 ok=1
Cmd: preprocess
  insize=555 outsize=331 ok=1
Cmd: preprocess
  insize=6723 outsize=728 ok=1
Cmd: preprocess
  insize=33409 outsize=238 ok=1
Cmd: preprocess
  insize=5347 outsize=1735 ok=1
Cmd: preprocess
  insize=6924 outsize=219 ok=1
Cmd: preprocess
  insize=4458 outsize=380 ok=1
Cmd: preprocess
  insize=4830 outsize=772 ok=1
Cmd: preprocess
  insize=5974 outsize=1157 ok=1
Cmd: preprocess
  insize=770 outsize=273 ok=1
Cmd: preprocess
  insize=692 outsize=285 ok=1
Cmd: preprocess
  insize=3850 outsize=536 ok=1
Cmd: preprocess
  insize=851 outsize=262 ok=1
Cmd: preprocess
  insize=1331 outsize=259 ok=1
Cmd: preprocess
  insize=2135 outsize=937 ok=1
Cmd: preprocess
  insize=5316 outsize=643 ok=1
Cmd: preprocess
  insize=1072 outsize=462 ok=1
Cmd: preprocess
  insize=1210 outsize=354 ok=1
Cmd: preprocess
  insize=553 outsize=223 ok=1
Cmd: preprocess
  insize=698 outsize=280 ok=1
Cmd: preprocess
  insize=5240 outsize=761 ok=1
Cmd: compileSnippet
  api=4 type=0 insize=18539 outsize=1126 kw=SHADOWS_SPLIT_SPHERES pd=UNITY_ENABLE_REFLECTION_BUFFERS UNITY_PBS_USE_BRDF1 UNITY_SPECCUBE_BOX_PROJECTION UNITY_SPECCUBE_BLENDING SHADER_API_DESKTOP ok=1
Cmd: compileSnippet
  api=4 type=1 insize=18539 outsize=4502 kw=SHADOWS_SPLIT_SPHERES pd=UNITY_ENABLE_REFLECTION_BUFFERS UNITY_PBS_USE_BRDF1 UNITY_SPECCUBE_BOX_PROJECTION UNITY_SPECCUBE_BLENDING SHADER_API_DESKTOP ok=1
Cmd: compileSnippet
  api=4 type=0 insize=70512 outsize=2506 kw=DIRECTIONAL SHADOWS_SCREEN _TERRAIN_NORMAL_MAP pd=UNITY_ENABLE_REFLECTION_BUFFERS UNITY_PBS_USE_BRDF1 UNITY_SPECCUBE_BOX_PROJECTION UNITY_SPECCUBE_BLENDING SHADER_API_DESKTOP ok=1
Cmd: compileSnippet
  api=4 type=1 insize=70512 outsize=7374 kw=DIRECTIONAL SHADOWS_SCREEN _TERRAIN_NORMAL_MAP pd=UNITY_ENABLE_REFLECTION_BUFFERS UNITY_PBS_USE_BRDF1 UNITY_SPECCUBE_BOX_PROJECTION UNITY_SPECCUBE_BLENDING SHADER_API_DESKTOP ok=1
Cmd: compileSnippet
  api=4 type=0 insize=70512 outsize=2314 kw=DIRECTIONAL _TERRAIN_NORMAL_MAP pd=UNITY_ENABLE_REFLECTION_BUFFERS UNITY_PBS_USE_BRDF1 UNITY_SPECCUBE_BOX_PROJECTION UNITY_SPECCUBE_BLENDING SHADER_API_DESKTOP ok=1
Cmd: compileSnippet
  api=4 type=1 insize=70512 outsize=7222 kw=DIRECTIONAL _TERRAIN_NORMAL_MAP pd=UNITY_ENABLE_REFLECTION_BUFFERS UNITY_PBS_USE_BRDF1 UNITY_SPECCUBE_BOX_PROJECTION UNITY_SPECCUBE_BLENDING SHADER_API_DESKTOP ok=1
Cmd: compileSnippet
  api=4 type=0 insize=1640 outsize=610 kw= pd=UNITY_ENABLE_REFLECTION_BUFFERS UNITY_PBS_USE_BRDF1 UNITY_SPECCUBE_BOX_PROJECTION UNITY_SPECCUBE_BLENDING SHADER_API_DESKTOP ok=1
Cmd: compileSnippet
  api=4 type=1 insize=1640 outsize=422 kw= pd=UNITY_ENABLE_REFLECTION_BUFFERS UNITY_PBS_USE_BRDF1 UNITY_SPECCUBE_BOX_PROJECTION UNITY_SPECCUBE_BLENDING SHADER_API_DESKTOP ok=1
Cmd: compileSnippet
  api=4 type=0 insize=1023 outsize=1874 kw=DIRECTIONAL SHADOWS_SCREEN _EMISSION pd=UNITY_ENABLE_REFLECTION_BUFFERS UNITY_PBS_USE_BRDF1 UNITY_SPECCUBE_BOX_PROJECTION UNITY_SPECCUBE_BLENDING SHADER_API_DESKTOP ok=1
Cmd: compileSnippet
  api=4 type=1 insize=1023 outsize=6222 kw=DIRECTIONAL SHADOWS_SCREEN _EMISSION pd=UNITY_ENABLE_REFLECTION_BUFFERS UNITY_PBS_USE_BRDF1 UNITY_SPECCUBE_BOX_PROJECTION UNITY_SPECCUBE_BLENDING SHADER_API_DESKTOP ok=1
Cmd: compileSnippet
  api=4 type=0 insize=18543 outsize=1126 kw=SHADOWS_SPLIT_SPHERES pd=UNITY_ENABLE_REFLECTION_BUFFERS UNITY_PBS_USE_BRDF1 UNITY_SPECCUBE_BOX_PROJECTION UNITY_SPECCUBE_BLENDING SHADER_API_DESKTOP ok=1
Cmd: compileSnippet
  api=4 type=1 insize=18543 outsize=4374 kw=SHADOWS_SPLIT_SPHERES pd=UNITY_ENABLE_REFLECTION_BUFFERS UNITY_PBS_USE_BRDF1 UNITY_SPECCUBE_BOX_PROJECTION UNITY_SPECCUBE_BLENDING SHADER_API_DESKTOP ok=1
Cmd: compileSnippet
  api=4 type=0 insize=1023 outsize=1874 kw=DIRECTIONAL SHADOWS_SCREEN pd=UNITY_ENABLE_REFLECTION_BUFFERS UNITY_PBS_USE_BRDF1 UNITY_SPECCUBE_BOX_PROJECTION UNITY_SPECCUBE_BLENDING SHADER_API_DESKTOP ok=1
Cmd: compileSnippet
  api=4 type=1 insize=1023 outsize=6118 kw=DIRECTIONAL SHADOWS_SCREEN pd=UNITY_ENABLE_REFLECTION_BUFFERS UNITY_PBS_USE_BRDF1 UNITY_SPECCUBE_BOX_PROJECTION UNITY_SPECCUBE_BLENDING SHADER_API_DESKTOP ok=1
